This file contains any messages produced by compilers while
running configure, to aid debugging if configure makes a mistake.

It was created by rdesktop configure 1.3.1, which was
generated by GNU Autoconf 2.52.  Invocation command line was

  $ ./configure 

## ---------- ##
## Platform.  ##
## ---------- ##

hostname = matilda.datan.blom.org
uname -m = i686
uname -r = 2.4.20-28.7smp
uname -s = Linux
uname -v = #1 SMP Thu Dec 18 11:18:31 EST 2003

/usr/bin/uname -p = unknown
/bin/uname -X     = unknown

/bin/arch              = i686
/usr/bin/arch -k       = unknown
/usr/convex/getsysinfo = unknown
hostinfo               = unknown
/bin/machine           = unknown
/usr/bin/oslevel       = unknown
/bin/universe          = unknown

PATH = /opt/gg/bin:/home/martin/gg/bin:/home/martin/source/aros/i386-linux/bin/linux-i386/tools:/usr/local/bin:/bin:/usr/bin:/usr/X11R6/bin:/usr/java/j2sdk/bin:/opt/mpeg4ip/bin:/sbin:/usr/sbin:/usr/local/sbin:/home/martin/bin

## ------------ ##
## Core tests.  ##
## ------------ ##

configure:965: PATH=".;."; conftest.sh
./configure: conftest.sh: command not found
configure:968: $? = 127
configure:1020: checking for gcc
configure:1035: found /home/martin/gg/bin/gcc
configure:1043: result: gcc
configure:1375: checking for C compiler version
configure:1378: gcc --version </dev/null >&5
gcc (GCC) 3.3
Copyright (C) 2003 Free Software Foundation, Inc.
This is free software; see the source for copying conditions.  There is NO
warranty; not even for MERCHANTABILITY or FITNESS FOR A PARTICULAR PURPOSE.

configure:1381: $? = 0
configure:1383: gcc -v </dev/null >&5
Reading specs from /opt/gcc3.3/lib/gcc-lib/i686-pc-linux-gnu/3.3/specs
Configured with: ./configure --prefix=/opt/gcc3.3 --program-suffix=3
Thread model: posix
gcc version 3.3
configure:1386: $? = 0
configure:1388: gcc -V </dev/null >&5
gcc: `-V' option must have argument
configure:1391: $? = 1
configure:1411: checking for C compiler default output
configure:1414: gcc    conftest.c  >&5
configure:1417: $? = 0
configure:1446: result: a.out
configure:1451: checking whether the C compiler works
configure:1457: ./a.out
configure:1460: $? = 0
configure:1475: result: yes
configure:1482: checking whether we are cross compiling
configure:1484: result: no
configure:1487: checking for executable suffix
configure:1489: gcc -o conftest    conftest.c  >&5
configure:1492: $? = 0
configure:1514: result: 
configure:1520: checking for object suffix
configure:1538: gcc -c   conftest.c >&5
configure:1541: $? = 0
configure:1560: result: o
configure:1564: checking whether we are using the GNU C compiler
configure:1585: gcc -c   conftest.c >&5
configure:1588: $? = 0
configure:1591: test -s conftest.o
configure:1594: $? = 0
configure:1606: result: yes
configure:1612: checking whether gcc accepts -g
configure:1630: gcc -c -g  conftest.c >&5
configure:1633: $? = 0
configure:1636: test -s conftest.o
configure:1639: $? = 0
configure:1649: result: yes
configure:1700: gcc -c -g -O2  conftest.c >&5
conftest.c:2: error: parse error before "me"
configure:1703: $? = 1
configure: failed program was:
#ifndef __cplusplus
  choke me
#endif
configure:1842: checking for a BSD compatible install
configure:1891: result: /usr/bin/install -c
configure:1913: checking how to run the C preprocessor
configure:1939: gcc -E  conftest.c
configure:1945: $? = 0
configure:1972: gcc -E  conftest.c
configure:1969:28: ac_nonexistent.h: No such file or directory
configure:1978: $? = 1
configure: failed program was:
#line 1968 "configure"
#include "confdefs.h"
#include <ac_nonexistent.h>
configure:2015: result: gcc -E
configure:2030: gcc -E  conftest.c
configure:2036: $? = 0
configure:2063: gcc -E  conftest.c
configure:2060:28: ac_nonexistent.h: No such file or directory
configure:2069: $? = 1
configure: failed program was:
#line 2059 "configure"
#include "confdefs.h"
#include <ac_nonexistent.h>
configure:2108: checking for ANSI C header files
configure:2122: gcc -E  conftest.c
configure:2128: $? = 0
configure:2215: gcc -o conftest -g -O2 -Wall   conftest.c  >&5
configure: In function `main':
configure:2207: warning: implicit declaration of function `exit'
configure:2218: $? = 0
configure:2220: ./conftest
configure:2223: $? = 0
configure:2236: result: yes
configure:2246: checking whether byte ordering is bigendian
configure:2271: gcc -c -g -O2 -Wall  conftest.c >&5
configure:2274: $? = 0
configure:2277: test -s conftest.o
configure:2280: $? = 0
configure:2301: gcc -c -g -O2 -Wall  conftest.c >&5
configure: In function `main':
configure:2292: error: `not' undeclared (first use in this function)
configure:2292: error: (Each undeclared identifier is reported only once
configure:2292: error: for each function it appears in.)
configure:2292: error: parse error before "big"
configure:2304: $? = 1
configure: failed program was:
#line 2284 "configure"
#include "confdefs.h"
#include <sys/types.h>
#include <sys/param.h>

int
main ()
{
#if BYTE_ORDER != BIG_ENDIAN
 not big endian
#endif

  ;
  return 0;
}
configure:2368: result: no
configure:2378: checking for X
configure:2592: result: libraries /usr/X11R6/lib, headers /usr/X11R6/include
configure:2731: gcc -o conftest -g -O2 -Wall   conftest.c   -L/usr/X11R6/lib -lX11 >&5
configure:2734: $? = 0
configure:2737: test -s conftest
configure:2740: $? = 0
configure:2866: checking for gethostbyname
configure:2903: gcc -o conftest -g -O2 -Wall   conftest.c  >&5
configure:2906: $? = 0
configure:2909: test -s conftest
configure:2912: $? = 0
configure:2922: result: yes
configure:3043: checking for connect
configure:3080: gcc -o conftest -g -O2 -Wall   conftest.c  >&5
configure:3083: $? = 0
configure:3086: test -s conftest
configure:3089: $? = 0
configure:3099: result: yes
configure:3159: checking for remove
configure:3196: gcc -o conftest -g -O2 -Wall   conftest.c  >&5
configure:3199: $? = 0
configure:3202: test -s conftest
configure:3205: $? = 0
configure:3215: result: yes
configure:3275: checking for shmat
configure:3312: gcc -o conftest -g -O2 -Wall   conftest.c  >&5
configure:3315: $? = 0
configure:3318: test -s conftest
configure:3321: $? = 0
configure:3331: result: yes
configure:3400: checking for IceConnectionNumber in -lICE
configure:3427: gcc -o conftest -g -O2 -Wall   -L/usr/X11R6/lib conftest.c -lICE   >&5
configure:3430: $? = 0
configure:3433: test -s conftest
configure:3436: $? = 0
configure:3447: result: yes
configure:3457: checking for library containing socket
configure:3484: gcc -o conftest -g -O2 -Wall   conftest.c  >&5
configure:3487: $? = 0
configure:3490: test -s conftest
configure:3493: $? = 0
configure:3546: result: none required
configure:3553: checking for library containing inet_aton
configure:3580: gcc -o conftest -g -O2 -Wall   conftest.c  >&5
configure:3583: $? = 0
configure:3586: test -s conftest
configure:3589: $? = 0
configure:3642: result: none required
configure:3649: checking for sys/select.h
configure:3659: gcc -E  conftest.c
configure:3665: $? = 0
configure:3684: result: yes
configure:3693: checking for sys/modem.h
configure:3703: gcc -E  conftest.c
configure:3700:23: sys/modem.h: No such file or directory
configure:3709: $? = 1
configure: failed program was:
#line 3699 "configure"
#include "confdefs.h"
#include <sys/modem.h>
configure:3728: result: no
configure:3737: checking for sys/filio.h
configure:3747: gcc -E  conftest.c
configure:3744:23: sys/filio.h: No such file or directory
configure:3753: $? = 1
configure: failed program was:
#line 3743 "configure"
#include "confdefs.h"
#include <sys/filio.h>
configure:3772: result: no
configure:3781: checking for sys/strtio.h
configure:3791: gcc -E  conftest.c
configure:3788:24: sys/strtio.h: No such file or directory
configure:3797: $? = 1
configure: failed program was:
#line 3787 "configure"
#include "confdefs.h"
#include <sys/strtio.h>
configure:3816: result: no
configure:3837: checking for OpenSSL directory
configure:3864: result: /usr
configure:3888: checking if architecture needs alignment
configure:3917: gcc -o conftest -g -O2 -Wall -I/usr/include   conftest.c  -L/usr/lib -lcrypto >&5
configure:3920: $? = 0
configure:3922: ./conftest
configure:3925: $? = 0
configure:3927: result: no
configure:3998: checking for sys/soundcard.h
configure:4008: gcc -E  conftest.c
configure:4014: $? = 0
configure:4033: result: yes
configure:4039: checking for dmedia/audio.h
configure:4049: gcc -E  conftest.c
configure:4046:26: dmedia/audio.h: No such file or directory
configure:4055: $? = 1
configure: failed program was:
#line 4045 "configure"
#include "confdefs.h"
#include <dmedia/audio.h>
configure:4074: result: no
configure:4080: checking for sys/audioio.h
configure:4090: gcc -E  conftest.c
configure:4087:25: sys/audioio.h: No such file or directory
configure:4096: $? = 1
configure: failed program was:
#line 4086 "configure"
#include "confdefs.h"
#include <sys/audioio.h>
configure:4115: result: no
configure:4157: checking for dirent.h that defines DIR
configure:4178: gcc -c -g -O2 -Wall -I/usr/include  conftest.c >&5
configure:4181: $? = 0
configure:4184: test -s conftest.o
configure:4187: $? = 0
configure:4197: result: yes
configure:4210: checking for opendir in -ldir
configure:4237: gcc -o conftest -g -O2 -Wall -I/usr/include   conftest.c -ldir   -L/usr/lib -lcrypto >&5
/opt/gcc3.3/lib/gcc-lib/i686-pc-linux-gnu/3.3/../../../../i686-pc-linux-gnu/bin/ld: cannot find -ldir
collect2: ld returned 1 exit status
configure:4240: $? = 1
configure: failed program was:
#line 4218 "configure"
#include "confdefs.h"

/* Override any gcc2 internal prototype to avoid an error.  */
#ifdef __cplusplus
extern "C"
#endif
/* We use char because int might match the return type of a gcc2
   builtin and then its argument prototype would still apply.  */
char opendir ();
int
main ()
{
opendir ();
  ;
  return 0;
}
configure:4257: result: no
configure:4339: checking for dirfd
configure:4376: gcc -o conftest -g -O2 -Wall -I/usr/include   conftest.c  -L/usr/lib -lcrypto >&5
configure:4379: $? = 0
configure:4382: test -s conftest
configure:4385: $? = 0
configure:4395: result: yes
configure:4405: checking whether dirfd is declared
configure:4427: gcc -c -g -O2 -Wall -I/usr/include  conftest.c >&5
configure: In function `main':
configure:4433: warning: unused variable `p'
configure:4430: $? = 0
configure:4433: test -s conftest.o
configure:4436: $? = 0
configure:4446: result: yes
configure:4461: checking whether dirfd is a macro
configure:4483: result: no
configure:4675: checking build system type
configure:4693: result: i686-redhat-linux-gnu
configure:4700: checking host system type
configure:4714: result: i686-redhat-linux-gnu
configure:4847: creating ./config.status

## ----------------------- ##
## Running config.status.  ##
## ----------------------- ##

This file was extended by config.status (rdesktop 1.3.1) 2.52, executed with
  CONFIG_FILES    = 
  CONFIG_HEADERS  = 
  CONFIG_LINKS    = 
  CONFIG_COMMANDS = 
  > ./config.status 
on matilda.datan.blom.org

config.status:5300: creating Makefile

## ----------------- ##
## Cache variables.  ##
## ----------------- ##

ac_cv_build=i686-redhat-linux-gnu
ac_cv_build_alias=i686-redhat-linux-gnu
ac_cv_c_bigendian=no
ac_cv_c_compiler_gnu=yes
ac_cv_env_CC_set=
ac_cv_env_CC_value=
ac_cv_env_CFLAGS_set=
ac_cv_env_CFLAGS_value=
ac_cv_env_CPPFLAGS_set=
ac_cv_env_CPPFLAGS_value=
ac_cv_env_CPP_set=
ac_cv_env_CPP_value=
ac_cv_env_LDFLAGS_set=
ac_cv_env_LDFLAGS_value=
ac_cv_env_build_alias_set=
ac_cv_env_build_alias_value=
ac_cv_env_host_alias_set=
ac_cv_env_host_alias_value=
ac_cv_env_target_alias_set=
ac_cv_env_target_alias_value=
ac_cv_func_connect=yes
ac_cv_func_dirfd=yes
ac_cv_func_gethostbyname=yes
ac_cv_func_remove=yes
ac_cv_func_shmat=yes
ac_cv_have_decl_dirfd=yes
ac_cv_have_x='have_x=yes 		ac_x_includes=/usr/X11R6/include ac_x_libraries=/usr/X11R6/lib'
ac_cv_header_dirent_dirent_h=yes
ac_cv_header_dmedia_audio_h=no
ac_cv_header_stdc=yes
ac_cv_header_sys_audioio_h=no
ac_cv_header_sys_filio_h=no
ac_cv_header_sys_modem_h=no
ac_cv_header_sys_select_h=yes
ac_cv_header_sys_soundcard_h=yes
ac_cv_header_sys_strtio_h=no
ac_cv_host=i686-redhat-linux-gnu
ac_cv_host_alias=i686-redhat-linux-gnu
ac_cv_lib_ICE_IceConnectionNumber=yes
ac_cv_lib_dir_opendir=no
ac_cv_objext=o
ac_cv_path_install='/usr/bin/install -c'
ac_cv_prog_CPP='gcc -E'
ac_cv_prog_ac_ct_CC=gcc
ac_cv_prog_cc_g=yes
ac_cv_search_inet_aton='none required'
ac_cv_search_socket='none required'
jm_cv_func_dirfd_macro=no

## ------------ ##
## confdefs.h.  ##
## ------------ ##

#define STDC_HEADERS 1
#define HAVE_SYS_SELECT_H 1
#define ssldir "/usr"
#define EGD_SOCKET "/var/run/egd-pool"
#define WITH_RDPSND 1
#define HAVE_DIRENT_H 1
#define HAVE_DIRFD 1
#define HAVE_DECL_DIRFD 1


configure: exit 0
