--------------------------------------------
ASM_Exception: DAR 0x80408 DSISR 0x42000000
ASM_Exception: check finishthread
ASM_Exception: IntGPR1 0x1002fc0 SRR0 0x1010acd8 SRR1 0x200f030 LR 0x1010aea8
ASM_Exception: Type 0x3
ASM_Exception: Thread 0x13da650 Name ABox
ASM_Exception: DAR 0x80408 DSISR 0x42000000
GPR00: 0x00001000 0x20fe5810 0x20fe5e60 0x00000000 0x21006008 0x1010aa8c 0x21005ff4 0x20cc9668
GPR08: 0x00000000 0x00080408 0x1100843c 0x20053c6c 0x48004084 0x20cfa1b0 0x20cd0000 0x00000001
GPR16: 0x00000000 0x00000000 0x20cd0000 0x20da10f4 0x20b8f730 0x20d0042c 0x20fe5c08 0x20051ed4
GPR24: 0x20a90000 0x00000000 0x20fe5998 0x344d0010 0x21005ff0 0x20000c68 0x200036f0 0x21005fe0
ASM_Exception: add to ExceptionThread list
ASM_Exception: done
ASM_Exception: Exception Thread 0x13ad030
ASM_Exception: remove it from the WaitList
ASM_Exception: add it to the ReadyList
ASM_Exception: Signal done
ASM_Exception: dispatch Thread 0x13ad030 Exception Server



------------------------------------------------
Quark Thread:
    TID 0000000010020010
   Name ABox
 Exception 3 <Illegal Data Access at 00080408 DSISR 42000000, Store to a not existing Page>
   SRR0 0x1010acd8 SRR1 0x0200f030
     LR 0x1010aea8  CTR 0x1010aa8c
     CR 0x42004084  XER 0x20000000
GPR[00] 00001000 20fe5810 20fe5e60 00000000 21006008 1010aa8c 21005ff4 20cc9668
GPR[08] 00000000 00080408 1100843c 20053c6c 48004084 20cfa1b0 20cd0000 00000001
GPR[16] 00000000 00000000 20cd0000 20da10f4 20b8f730 20d0042c 20fe5c08 20051ed4
GPR[24] 20a90000 00000000 20fe5998 344d0010 21005ff0 20000c68 200036f0 21005fe0
  FPSCR 43efff000010c050
FPR[00] 89504e470d0a1a0a 0000000000000000 0000000000000000 0000000000000000
FPR[04] 0000000000000000 0000000000000000 0000000000000000 0000000000000000
FPR[08] 0000000000000000 0000000000000000 41e0000000000000 41f0000000000000
FPR[12] 4330000000000000 3ff0537cb23a033b 0000000000000000 0000000000000000
FPR[16] 0000000000000000 0000000000000000 0000000000000000 0000000000000000
FPR[20] 0000000000000000 0000000000000000 0000000000000000 0000000000000000
FPR[24] 0000000000000000 0000000000000000 0000000000000000 0000000000000000
FPR[28] 0000000000000000 0000000000000000 0000000000000000 0000000000000000
  VSAVE 00000000
  VSCR 1000d990
VPR[00] 00000000000000000000000000000000 00000000000000000000000000000000
VPR[02] 00000000000000000000000000000000 00000000000000000000000000000000
VPR[04] 00000000000000000000000000000000 00000000000000000000000000000000
VPR[06] 00000000000000000000000000000000 00000000000000000000000000000000
VPR[08] 00000000000000000000000000000000 00000000000000000000000000000000
VPR[10] 00000000000000000000000000000000 00000000000000000000000000000000
VPR[12] 00000000000000000000000000000000 00000000000000000000000000000000
VPR[14] 00000000000000000000000000000000 00000000000000000000000000000000
VPR[16] 00000000000000000000000000000000 00000000000000000000000000000000
VPR[18] 00000000000000000000000000000000 00000000000000000000000000000000
VPR[20] 00000000000000000000000000000000 00000000000000000000000000000000
VPR[22] 00000000000000000000000000000000 00000000000000000000000000000000
VPR[24] 00000000000000000000000000000000 00000000000000000000000000000000
VPR[26] 00000000000000000000000000000000 00000000000000000000000000000000
VPR[28] 00000000000000000000000000000000 00000000000000000000000000000000
VPR[30] 00000000000000000000000000000000 00000000000000000000000000000000
   IABR 00000000
   DABR 00000000
  MMCR0 00000000
  MMCR1 00000000
  MMCR2 00000000
   PMC1 00000000 PMC2 00000000 PMC3 00000000 PMC4 00000000
    SIA 00000000
    SDA 00000000

PPCStackFrame History:
StackFrame[-0].LR-> Address 0x1010aea8 -> Module Hunk 0 Offset 0x0000aea8
StackFrame[-1].LR-> Address 0x20ac5ea0 -> MOSSYS:LIBS/muimaster.library Hunk 1 Offset 0x00002108
StackFrame[-2].LR-> Address 0x20ad3b84 -> MOSSYS:LIBS/muimaster.library Hunk 1 Offset 0x0000fdec
StackFrame[-3].LR-> Address 0x20ad8638 -> MOSSYS:LIBS/muimaster.library Hunk 1 Offset 0x000148a0
StackFrame[-4].LR-> Address 0x20adb0cc -> MOSSYS:LIBS/muimaster.library Hunk 1 Offset 0x00017334
StackFrame[-5].LR-> Address 0x20affcac -> MOSSYS:LIBS/muimaster.library Hunk 1 Offset 0x0003bf14
StackFrame[-6].LR-> Address 0x20ac9724 -> MOSSYS:LIBS/muimaster.library Hunk 1 Offset 0x0000598c
StackFrame[-7].LR-> Address 0x20b26d54 -> MOSSYS:LIBS/muimaster.library Hunk 1 Offset 0x00062fbc
StackFrame[-8].LR-> Address 0x20ad2710 -> MOSSYS:LIBS/muimaster.library Hunk 1 Offset 0x0000e978
StackFrame[-9].LR-> Address 0x20ae0e90 -> MOSSYS:LIBS/muimaster.library Hunk 1 Offset 0x0001d0f8
StackFrame[-10].LR-> Address 0x20ac7c4c -> MOSSYS:LIBS/muimaster.library Hunk 1 Offset 0x00003eb4
StackFrame[-11].LR-> Address 0x20b26d54 -> MOSSYS:LIBS/muimaster.library Hunk 1 Offset 0x00062fbc
StackFrame[-12].LR-> Address 0x20ad2710 -> MOSSYS:LIBS/muimaster.library Hunk 1 Offset 0x0000e978
StackFrame[-13].LR-> Address 0x20ae0e90 -> MOSSYS:LIBS/muimaster.library Hunk 1 Offset 0x0001d0f8
StackFrame[-14].LR-> Address 0x20ac7c4c -> MOSSYS:LIBS/muimaster.library Hunk 1 Offset 0x00003eb4
StackFrame[-15].LR-> Address 0x20b26d54 -> MOSSYS:LIBS/muimaster.library Hunk 1 Offset 0x00062fbc
StackFrame[-16].LR-> Address 0x20feee88 -> MOSSYS:LIBS/asl.library.elf Hunk 1 Offset 0x00000b90
StackFrame[-17].LR-> Address 0x20ad2840 -> MOSSYS:LIBS/muimaster.library Hunk 1 Offset 0x0000eaa8
StackFrame[-18].LR-> Address 0x20ad2710 -> MOSSYS:LIBS/muimaster.library Hunk 1 Offset 0x0000e978
StackFrame[-19].LR-> Address 0x20ae0e90 -> MOSSYS:LIBS/muimaster.library Hunk 1 Offset 0x0001d0f8
StackFrame[-20].LR-> Address 0x20ac7c4c -> MOSSYS:LIBS/muimaster.library Hunk 1 Offset 0x00003eb4
**************************************************************
**************************************************************
ABox State
Hardware:
        Openfirmware..skip for now
ExecBase: SysBase 0x20000c68
       SysFlags 0x00000000    AttnResched 0x00000000    IDNestCnt -1 TDNestCnt -1
       ThisTask 0x20cc9668      TaskReady 0x20000e02     TaskWait 0x202cb550
     ResModules 0x20002e08
   TaskTrapCode 0x10100988 TaskExceptCode 0x10100688 TaskExitCode 0x101006e4
   TaskSigAlloc 0xffff TaskTrapAlloc 0x8000
      IdleCount 3193
      DispCount 50311
        Quantum 4
        Elapsed 4
VBlankFrequency 50 PowerSupplyFrequency 50 EClockFrequency 709379
        MainTID 0x10020010
   SchedulerTID 0x10020012
   SchedulerSig 0x80000000
        OldSRR0 0x0
ConfigServerTID 0x10000013
           Int0: iv_Code 0x00000000 iv_Data 0x00000000 iv_Node 0x00000000
           Int1: iv_Code 0x00000000 iv_Data 0x00000000 iv_Node 0x00000000
           Int2: iv_Code 0x00000000 iv_Data 0x00000000 iv_Node 0x00000000
           Int3: iv_Code 0x10100574 iv_Data 0x20002c70 iv_Node 0x00000000
           Int4: iv_Code 0x10100574 iv_Data 0x20002c90 iv_Node 0x00000000
           Int5: iv_Code 0x10100574 iv_Data 0x20002c80 iv_Node 0x00000000
            Interrupt 0x20011306 <graphics.library>
                 Code 0x10151c84 Data 0x200112bc
            Interrupt 0x20cbb694 <ixemul timer interrupt>
                 Code 0x20cf0c90 Data 0x00000000
            Interrupt 0x206a8adc <PPC 50Hz Timer>
                 Code 0x206a8ad4 Data 0x206a89c8
           Int6: iv_Code 0x10151c8c iv_Data 0x200112bc iv_Node 0x20011332
           Int7: iv_Code 0x00000000 iv_Data 0x00000000 iv_Node 0x00000000
           Int8: iv_Code 0x00000000 iv_Data 0x00000000 iv_Node 0x00000000
           Int9: iv_Code 0x00000000 iv_Data 0x00000000 iv_Node 0x00000000
           Int10: iv_Code 0x00000000 iv_Data 0x00000000 iv_Node 0x00000000
           Int11: iv_Code 0x00000000 iv_Data 0x00000000 iv_Node 0x00000000
           Int12: iv_Code 0x00000000 iv_Data 0x00000000 iv_Node 0x00000000
           Int13: iv_Code 0x10100574 iv_Data 0x20002ca0 iv_Node 0x00000000
           Int14: iv_Code 0x00000000 iv_Data 0x00000000 iv_Node 0x00000000
           Int15: iv_Code 0x10100574 iv_Data 0x20002cb0 iv_Node 0x00000000
**************************************************************
**************************************************************
**************************************************************
**************************************************************


Running Task


**************************************************************
**************************************************************
      Task 0x20cc9668 Name 0x20ccd74c <Shell Process> Type 13 Pri 0
     Flags 0x8 State 2 IDNestCnt -1 TDNestCnt -1
  SigAlloc 0xfff0ffff    SigWait 0x00000020 SigRecvd 0x04880100 SigExcept 0xf807f000
ExceptCode 0x20cf0c6c ExceptData 0x00000000 TrapCode 0x10100988  TrapData 0x00000000
    Switch 0x00000000     Launch 0x00000000 UserData 0x20d4f2dc
   SPLower 0x20cbba60    SPUpper 0x20cbfa60    SPReg 0x20cbf4b0
----------------------------------------------------------------------
         ETask 0x20c0b1f4
       MemPool 0x20c0a478     PPCLibData 0x00000000
    PPCSPLower 0x20fda2d4     PPCSPUpper 0x20fe62e3
PPCTrapMsgPort 0x00000000 PPCTrapMessage 0x20c0b304
   PPCRegFrame 0x20cd5280
     Private[] 0x00000000 0x00000000 0x00000000 0x00000000
    EmulHandle 0x00000000
----------------------------------------------------------------------
 EmulHandle 0x20fe5e60     Type 0x00000004    Flags 0x00000001
SuperHandle 0x10001000     Type 0x00000000 WaitMask 0x00000000 SyncMask 0x00000000
        USP 0x00000000      SSP 0x200028e0      VBR 0x2000d000
        SFC 0x00000000      DFC 0x00000000     CACR 0x00000000   TC 0x00000000
       ITT0 0x00000000     ITT1 0x00000000     DTT0 0x00000000 DTT1 0x00000000
        URP 0x00000000      SRP 0x00000000    BUSCR 0x00000000  PCR 0x04310000
----------------------------------------------------------------------
   SRR0 0x1010acd8 SRR1 0x0200f030
     LR 0x1010aea8  CTR 0x1010aa8c
     CR 0x42004084  XER 0x20000000
GPR[00] 00001000 20fe5810 20fe5e60 00000000 21006008 1010aa8c 21005ff4 20cc9668
GPR[08] 00000000 00080408 1100843c 20053c6c 48004084 20cfa1b0 20cd0000 00000001
GPR[16] 00000000 00000000 20cd0000 20da10f4 20b8f730 20d0042c 20fe5c08 20051ed4
GPR[24] 20a90000 00000000 20fe5998 344d0010 21005ff0 20000c68 200036f0 21005fe0
  FPSCR 43efff000010c050
FPR[00] 89504e470d0a1a0a 0000000000000000 0000000000000000 0000000000000000
FPR[04] 0000000000000000 0000000000000000 0000000000000000 0000000000000000
FPR[08] 0000000000000000 0000000000000000 41e0000000000000 41f0000000000000
FPR[12] 4330000000000000 3ff0537cb23a033b 0000000000000000 0000000000000000
FPR[16] 0000000000000000 0000000000000000 0000000000000000 0000000000000000
FPR[20] 0000000000000000 0000000000000000 0000000000000000 0000000000000000
FPR[24] 0000000000000000 0000000000000000 0000000000000000 0000000000000000
FPR[28] 0000000000000000 0000000000000000 0000000000000000 0000000000000000
  VSAVE 00000000
  VSCR 1000d660
VPR[00] 1000d9100041f6980000002800000008 00000004783000151616000017171717
VPR[02] 1000d8d0191919193365623400633463 0000d8e00041d9301000d9081000d9c0
VPR[04] 1000d9500041f6981132544d00000008 0000000178300068100200001b1b1b1b
VPR[06] 1c1c1c1c1d1d1d1d1e1e1e1e1f1f1f1f 1000d9a00041f7cc0000000000000014
VPR[08] 20ac7c4c206f16b00000000100003eb4 20fe5ab0206f0c54113253481b1b1b1b
VPR[10] 1c1c1c1c1d1d1d1d2000d4c01f1f1f1f 1000d9e00041f7cc0000000000000000
VPR[12] 1000d9a01100656c0000000020ac7c4c 1000d9a81000d9ac206f16b020000c68
VPR[14] 060000001000d9a81000d918206f0c54 010000001000d9a81000d91840022000
VPR[16] 1000d9e0004144a80000000100003eb4 1000d9c020fe681020fe5ab000000000
VPR[18] 1000d9d00041d93020fe5a8000000000 1000da100041dfa01000d95820022004
VPR[20] 14141414151515151616161617171717 1000da00191919191a1a1a1a00000000
VPR[22] 1000da100041d9301000da381000daf0 1000da800041f6980000002800000008
VPR[24] 00000001783000000000000000000000 00000000000000003000303032636230
VPR[26] 00000000000000000000000000000000 000000000000000011323edc00000000
VPR[28] 0000000000000000000000001b1b1b1b 1c1c1c1c1d1d1d1d1e1e1e1e1f1f1f1f
VPR[30] 1000db100041f7cc0000000000000001 0043c5901fc000080200303000002019
SRR0 -> Module Hunk 0 Offset 0x0000acd8
  LR -> Module Hunk 0 Offset 0x0000aea8
 CTR -> Module Hunk 0 Offset 0x0000aa8c

PPCStackFrame History:
StackFrame[-0].LR-> Address 0x1010aea8 -> Module Hunk 0 Offset 0x0000aea8
StackFrame[-1].LR-> Address 0x20ac5ea0 -> MOSSYS:LIBS/muimaster.library Hunk 1 Offset 0x00002108
StackFrame[-2].LR-> Address 0x20ad3b84 -> MOSSYS:LIBS/muimaster.library Hunk 1 Offset 0x0000fdec
StackFrame[-3].LR-> Address 0x20ad8638 -> MOSSYS:LIBS/muimaster.library Hunk 1 Offset 0x000148a0
StackFrame[-4].LR-> Address 0x20adb0cc -> MOSSYS:LIBS/muimaster.library Hunk 1 Offset 0x00017334
StackFrame[-5].LR-> Address 0x20affcac -> MOSSYS:LIBS/muimaster.library Hunk 1 Offset 0x0003bf14
StackFrame[-6].LR-> Address 0x20ac9724 -> MOSSYS:LIBS/muimaster.library Hunk 1 Offset 0x0000598c
StackFrame[-7].LR-> Address 0x20b26d54 -> MOSSYS:LIBS/muimaster.library Hunk 1 Offset 0x00062fbc
StackFrame[-8].LR-> Address 0x20ad2710 -> MOSSYS:LIBS/muimaster.library Hunk 1 Offset 0x0000e978
StackFrame[-9].LR-> Address 0x20ae0e90 -> MOSSYS:LIBS/muimaster.library Hunk 1 Offset 0x0001d0f8
StackFrame[-10].LR-> Address 0x20ac7c4c -> MOSSYS:LIBS/muimaster.library Hunk 1 Offset 0x00003eb4
StackFrame[-11].LR-> Address 0x20b26d54 -> MOSSYS:LIBS/muimaster.library Hunk 1 Offset 0x00062fbc
StackFrame[-12].LR-> Address 0x20ad2710 -> MOSSYS:LIBS/muimaster.library Hunk 1 Offset 0x0000e978
StackFrame[-13].LR-> Address 0x20ae0e90 -> MOSSYS:LIBS/muimaster.library Hunk 1 Offset 0x0001d0f8
StackFrame[-14].LR-> Address 0x20ac7c4c -> MOSSYS:LIBS/muimaster.library Hunk 1 Offset 0x00003eb4
StackFrame[-15].LR-> Address 0x20b26d54 -> MOSSYS:LIBS/muimaster.library Hunk 1 Offset 0x00062fbc
StackFrame[-16].LR-> Address 0x20feee88 -> MOSSYS:LIBS/asl.library.elf Hunk 1 Offset 0x00000b90
StackFrame[-17].LR-> Address 0x20ad2840 -> MOSSYS:LIBS/muimaster.library Hunk 1 Offset 0x0000eaa8
StackFrame[-18].LR-> Address 0x20ad2710 -> MOSSYS:LIBS/muimaster.library Hunk 1 Offset 0x0000e978
StackFrame[-19].LR-> Address 0x20ae0e90 -> MOSSYS:LIBS/muimaster.library Hunk 1 Offset 0x0001d0f8
StackFrame[-20].LR-> Address 0x20ac7c4c -> MOSSYS:LIBS/muimaster.library Hunk 1 Offset 0x00003eb4
Full PPC mode: Last 68k context
   PC 20cfa1b0 SR 0008
Dn[0] 344d0010 00000005 202ef14c 00000000 00000000 083f9666 00000002 2004f93c
An[0] 200036f0 21005ff0 21006008 20fe58a8 20000c68 20fe5a00 20000c68 20cbf510
Stack: 0x20cbf510
A7[-32] 21025c08 21025ab6 21025bf4 21025bf4
A7[-16] 00000000 209b18e4 20b42934 11328340
A7[000] 20e139c0 20d49658 20cbf918 20cbf9a8
A7[016] 20e58674 2004f93c 00000000 00008008
A7[032] 000120d4 97448008 00740000 02808008
A7[048] 00760000 01e08008 00790000 00208008
A7[064] 00644092 00568008 00650000 05008008
A7[080] 00660000 04008008 00670000 00208008
A7[096] 006d0000 00018008 006e0000 00018008
A7[112] 006f0000 00010000 00008008 000120d4
0x20e139c0 -> RDesktop Hunk 0 Offset 0x00002640
0x20d49658 -> RDesktop Hunk 1 Offset 0x00000218
0x20e58674 -> RDesktop Hunk 0 Offset 0x000472f4
0x20d49744 -> RDesktop Hunk 1 Offset 0x00000304
0x20d49744 -> RDesktop Hunk 1 Offset 0x00000304
Last saved PPCThread State:
   SRR0 0x1011f688 SRR1 0x0200f030
     LR 0x1011081c  CTR 0x0041a618
     CR 0x28002084  XER 0x00000000
GPR[00] 00400000 20fe5480 20fe5e60 210016dc 20fe5b58 ffffffff 00000001 00000000
GPR[08] 21006710 00400000 00000000 000c0468 42002042 20cfa1b0 00000000 00000000
GPR[16] 00000000 00000000 20fe5b28 20050000 00000000 20a90000 20a90000 20a90000
GPR[24] 00000004 20000e10 ffffffff 00000001 ffffffff 88002084 20fe5488 20000c68
  FPSCR 43efff000010c050
FPR[00] 89504e470d0a1a0a 0000000000000000 0000000000000000 0000000000000000
FPR[04] 0000000000000000 0000000000000000 0000000000000000 0000000000000000
FPR[08] 0000000000000000 0000000000000000 41e0000000000000 41f0000000000000
FPR[12] 4330000000000000 3ff0537cb23a033b 0000000000000000 0000000000000000
FPR[16] 0000000000000000 0000000000000000 0000000000000000 0000000000000000
FPR[20] 0000000000000000 0000000000000000 0000000000000000 0000000000000000
FPR[24] 0000000000000000 0000000000000000 0000000000000000 0000000000000000
FPR[28] 0000000000000000 0000000000000000 0000000000000000 0000000000000000
  VSAVE 00000000
  VSCR 1000d660
VPR[00] 00000000000000000000000000000000 00000000000000000000000000000000
VPR[02] 00000000000000000000000000000000 00000000000000000000000000000000
VPR[04] 00000000000000000000000000000000 00000000000000000000000000000000
VPR[06] 00000000000000000000000000000000 00000000000000000000000000000000
VPR[08] 00000000000000000000000000000000 00000000000000000000000000000000
VPR[10] 00000000000000000000000000000000 00000000000000000000000000000000
VPR[12] 00000000000000000000000000000000 00000000000000000000000000000000
VPR[14] 00000000000000000000000000000000 00000000000000000000000000000000
VPR[16] 00000000000000000000000000000000 00000000000000000000000000000000
VPR[18] 00000000000000000000000000000000 00000000000000000000000000000000
VPR[20] 00000000000000000000000000000000 00000000000000000000000000000000
VPR[22] 00000000000000000000000000000000 00000000000000000000000000000000
VPR[24] 00000000000000000000000000000000 00000000000000000000000000000000
VPR[26] 00000000000000000000000000000000 00000000000000000000000000000000
VPR[28] 00000000000000000000000000000000 00000000000000000000000000000000
VPR[30] 00000000000000000000000000000000 00000000000000000000000000000000
SRR0 -> Module Hunk 0 Offset 0x0001f688
  LR -> Module Hunk 0 Offset 0x0001081c

PPCStackFrame History:
StackFrame[-0].LR-> Address 0x10110690 -> Module Hunk 0 Offset 0x00010690
StackFrame[-1].LR-> Address 0x1010fc94 -> Module Hunk 0 Offset 0x0000fc94
StackFrame[-2].LR-> Address 0x102f2718 -> Module Hunk 0 Offset 0x001f2718
StackFrame[-3].LR-> Address 0x10116928 -> Module Hunk 0 Offset 0x00016928
StackFrame[-4].LR-> Address 0x20ac6fb0 -> MOSSYS:LIBS/muimaster.library Hunk 1 Offset 0x00003218
StackFrame[-5].LR-> Address 0x20b26d54 -> MOSSYS:LIBS/muimaster.library Hunk 1 Offset 0x00062fbc
StackFrame[-6].LR-> Address 0x20af9468 -> MOSSYS:LIBS/muimaster.library Hunk 1 Offset 0x000356d0
StackFrame[-7].LR-> Address 0x20a90000
StackFrame[-8].LR-> Address 0x20fe5af8
StackFrame[-9].LR-> Address 0x20a90000

----------------------------------------------------------------------
    SegList 0x08302968        GlobVec 0x2004fa4c
  StackBase 0x0832ee98      StackSize 0x00004000
    TaskNum 0x00000004        Result2 0x00000000
 CurrentDir 0x08302975            CIS 0x080bbdad
        COS 0x080bbeb7            CES 0x00000000
ConsoleTask 0x20c0b4f0 FileSystemTask 0x20317b14
        CLI 0x080bbd1f     ReturnAddr 0x20cbfa58
    PktWait 0x00000000      WindowPtr 0x00000000
     HomeDir 0x08302925         Flags 0x00000004
    ExitCode 0x00000000      ExitData 0x00000000
   Arguments 0x20cb8424  ShellPrivate 0x00000000
CmdName: <RDesktop>
**************************************************************
**************************************************************
LIB_Deallocate: MyMemChunk collides with NextMemChunk...alert
LIB_Deallocate: MemHeader 0x20000000, Memory 0x21005fdc, Size 0x21005e80

-------------------------------------------------------------------
Alert: 0x81000005
Alert: Process 0x20cc9668 <Shell Process> [CLI 4: <RDesktop>]

EmulHandle 0x20fe5e60
D0=21005e80 00000005 202ef14c 00000000 00000000 083f9666 00000002 2004f93c
A0=200036f0 21005fdc 21006008 20fe58a8 20000c68 20fe5a00 20000c68 20cbf510
VBR=2000d000 USP=20cbf510 SSP=200028e0
PC=20cfa1b0 SR=0008 CCR=08 (X=0 N=1 Z=0 V=0 C=0)
SSP:
 (A7-064)=00000000 00000000 00000000 00000000 00000000 00000000 00000000 00000000
 (A7-032)=00000000 00000000 00000000 00000000 00000000 00000000 00000000 11328340
 (A7+000)=ff000001 101323e8 00000000 ff000001 10131e28 00000000 ff000001 10132bd8
 (A7+032)=00000000 ff000001 101326b0 00000000 ff000001 1013267c 00000000 ff000001
 (A7+064)=1013264c 00000000 ff000001 1013259c 00000000 ff000001 1013255c 00000000
 (A7+096)=ff000001 101323b4 00000000 ff000001 10132294 00000000 ff000001 10132408
 (A7+128)=00000000 ff000001 1013237c 00000000 ff000001 10132168 00000000 ff000001
 (A7+160)=10131f54 00000000 ff000001 10132124 00000000 ff000001 1013230c 00000000
0x20d40000 --> CD-i Hunk 0 Offset 0x00000060
USP:
 (A7-064)=20fe4d38 21021a68 201765b0 02010086 0000008e 0201008e 01470004 20b4283c
 (A7-032)=21025c08 21025ab6 21025bf4 21025bf4 00000000 209b18e4 20b42934 11328340
 (A7+000)=20e139c0 20d49658 20cbf918 20cbf9a8 20e58674 2004f93c 00000000 00008008
 (A7+032)=000120d4 97448008 00740000 02808008 00760000 01e08008 00790000 00208008
 (A7+064)=00644092 00568008 00650000 05008008 00660000 04008008 00670000 00208008
 (A7+096)=006d0000 00018008 006e0000 00018008 006f0000 00010000 00008008 000120d4
 (A7+128)=97448008 00740000 02808008 00760000 01e08008 00790000 00208008 00644092
 (A7+160)=00568008 00650000 05008008 00660000 04008008 00670000 00208008 006d0000
0x20e139c0 --> RDesktop Hunk 0 Offset 0x00002640
0x20d49658 --> RDesktop Hunk 1 Offset 0x00000218
0x20e58674 --> RDesktop Hunk 0 Offset 0x000472f4
0x20d49744 --> RDesktop Hunk 1 Offset 0x00000304
0x20d49744 --> RDesktop Hunk 1 Offset 0x00000304
0x208e3f58 --> AmiTCP:devs/netinfo.device Hunk 0 Offset 0x00000338
0x20e1261c --> RDesktop Hunk 0 Offset 0x0000129c
0x20fccad4 --> MOSSYS:LIBS/ixnet.library.elf Hunk 1 Offset 0x00000ed4
ShowPPCStackHistory: Stack 0x20fe5720 StackEnd 0x20fe6720

PPCStackFrame History:
ShowPPCStackHistory: StackPtr 0x20fe5750
StackFrame[-0].LR-> Address 0x1011845c **Not Valid**

ShowPPCStackHistory: StackPtr 0x20fe5780
StackFrame[-1].LR-> Address 0x10109534 **Not Valid**

ShowPPCStackHistory: StackPtr 0x20fe57b0
StackFrame[-2].LR-> Address 0x101098a8 **Not Valid**

ShowPPCStackHistory: StackPtr 0x20fe57d0
StackFrame[-3].LR-> Address 0x10109994 **Not Valid**

ShowPPCStackHistory: StackPtr 0x20fe57f0
StackFrame[-4].LR-> Address 0x1010bb98 **Not Valid**

ShowPPCStackHistory: StackPtr 0x20fe5810
StackFrame[-5].LR-> Address 0x1010ad20 **Not Valid**

ShowPPCStackHistory: StackPtr 0x20fe5830
StackFrame[-6].LR-> Address 0x1010aea8 **Not Valid**

ShowPPCStackHistory: StackPtr 0x20fe5850
StackFrame[-7].LR-> Address 0x20ac5ea0 -> MOSSYS:LIBS/muimaster.library Hunk 1 Offset 0x00002108
ShowPPCStackHistory: StackPtr 0x20fe5870
StackFrame[-8].LR-> Address 0x20ad3b84 -> MOSSYS:LIBS/muimaster.library Hunk 1 Offset 0x0000fdec
ShowPPCStackHistory: StackPtr 0x20fe5880
StackFrame[-9].LR-> Address 0x20ad8638 -> MOSSYS:LIBS/muimaster.library Hunk 1 Offset 0x000148a0
ShowPPCStackHistory: StackPtr 0x20fe58a0
StackFrame[-10].LR-> Address 0x20adb0cc -> MOSSYS:LIBS/muimaster.library Hunk 1 Offset 0x00017334
ShowPPCStackHistory: MaxLevel end
**************************************************************
Task 0x20cc9668 <Shell Process> Type 13 Pri 0
Flags 0x08 State 0x02 IDNestCnt -1 TDNestCnt -1
SigAlloc 0xfff0ffff SigWait 0x00000020 SigRecvd 0x04880100 SigExcept 0xf807f000
ExceptCode 0x20cf0c6c ExceptData 0x00000000 TrapCode 0x10100988 TrapData 0x00000000
Switch 0x00000000 Launch 0x00000000 UserData 0x20d4f2dc
SPReg 0x20cbf4b0 SPLower 0x20cbba60 SPUpper 0x20cbfa60
DeadEnd: Set Task to Wait(0)
